<?xml version="1.0" encoding="UTF-8"?><testsuite errors="0" failures="0" name="com.localhost.bestapiinfo.CategoryCURDTestWithSteps" skipped="0" tests="4" time="9.36" timestamp="2022-06-07T18:12:39.053+01:00[Europe/London]"><testcase classname="com.localhost.bestapiinfo.CategoryCURDTestWithSteps" name="This will create new category"/><testcase classname="com.localhost.bestapiinfo.CategoryCURDTestWithSteps" name="Verify if the category was added to the application"/><testcase classname="com.localhost.bestapiinfo.CategoryCURDTestWithSteps" name="This will update the category"/><testcase classname="com.localhost.bestapiinfo.CategoryCURDTestWithSteps" name="Delete the category and verify if the student is deleted!"/></testsuite>