<?xml version="1.0" encoding="UTF-8"?><testsuite errors="0" failures="0" name="Testing different Category on the Best Api Application" skipped="0" tests="8" time="8.61" timestamp="2022-06-21T19:55:53.518+01:00[Europe/London]"><testcase name="Check if the Category application is accessed by the users"/><testcase name="Check if User can add  new Category in the application"/><testcase name="Check if User can update Category in the application"/><testcase name="Check if User can Delete  products in the application"/><testcase name="Check if the Services application is accessed by the users"/><testcase name="Check if User can add  new Services in the application"/><testcase name="Check if User can update Services in the application"/><testcase name="Check if User can Delete  products in the application"/></testsuite>