<?xml version="1.0" encoding="UTF-8"?><testsuite errors="0" failures="1" name="Testing different products on the Best Api Application" skipped="0" tests="9" time="2.79" timestamp="2022-06-21T19:56:03.140+01:00[Europe/London]"><testcase name="Check if the products application is accessed by the users"/><testcase name="Check if User can add  products in the application"/><testcase name="Check if User can update  products in the application"/><testcase name="Check if User can Delete  products in the application"/><testcase name="Check if the Store application is accessed by the users"/><testcase name="Check if User can add  new stores in the application"/><testcase name="Check if User can update  products in the application"/><testcase name="Check if User can Delete  products in the application"/><testcase name="I verify following dat response"><failure message="1 expectation failed.&#10;JSON path data[5].services.storeservices.storeId doesn't match.&#10;Expected: (a collection containing &quot;11&quot;)&#10;  Actual: [11, 11, 11, 11, 11, 11, 11, 11]&#10;" type="java.lang.AssertionError">1 expectation failed.
JSON path data[5].services.storeservices.storeId doesn't match.
Expected: (a collection containing "11")
  Actual: [11, 11, 11, 11, 11, 11, 11, 11]
</failure><system-err>1 expectation failed.
JSON path data[5].services.storeservices.storeId doesn't match.
Expected: (a collection containing "11")
  Actual: [11, 11, 11, 11, 11, 11, 11, 11]
&#13;
io.restassured.internal.ResponseSpecificationImpl.validateResponseIfRequired(ResponseSpecificationImpl.groovy:636)&#13;
io.restassured.internal.ResponseSpecificationImpl.content(ResponseSpecificationImpl.groovy:265)&#13;
io.restassured.internal.ResponseSpecificationImpl.body(ResponseSpecificationImpl.groovy:248)&#13;
io.restassured.internal.ValidatableResponseOptionsImpl.body(ValidatableResponseOptionsImpl.java:268)&#13;
com.localhost.cucumber.steps.MyStoreSteps.verifyTheStoreIdForTheThStore(MyStoreSteps.java:140)&#13;
âœ½.And Verify the storeId = 11 for the 6th store(Storeinfo.feature:36)&#13;
</system-err></testcase></testsuite>