<?xml version="1.0" encoding="UTF-8"?><testsuite errors="0" failures="0" name="com.localhost.bestapiinfo.StoreCURDTestWithSteps" skipped="0" tests="4" time="0.47" timestamp="2022-06-07T18:12:54.436+01:00[Europe/London]"><testcase classname="com.localhost.bestapiinfo.StoreCURDTestWithSteps" name="This will create a new store"/><testcase classname="com.localhost.bestapiinfo.StoreCURDTestWithSteps" name="Verify if the store was added to the application"/><testcase classname="com.localhost.bestapiinfo.StoreCURDTestWithSteps" name="Update the Proudct information and verify the updated information"/><testcase classname="com.localhost.bestapiinfo.StoreCURDTestWithSteps" name="Delete the store and verify if the store is deleted!"/></testsuite>