<?xml version="1.0" encoding="UTF-8"?><testsuite errors="1" failures="0" name="Testing different products on the Best Api Application" skipped="0" tests="5" time="11.62" timestamp="2022-06-21T19:52:41.177+01:00[Europe/London]"><testcase name="Check if the Store application is accessed by the users"/><testcase name="Check if User can add  new stores in the application"/><testcase name="Check if User can update  products in the application"/><testcase name="Check if User can Delete  products in the application"/><testcase name="I verify following dat response"><error type="net.serenitybdd.core.exceptions.UnrecognisedException"/><system-err>null&#13;
groovy.lang.GroovyClassLoader.doParseClass(GroovyClassLoader.java:298)&#13;
groovy.lang.GroovyClassLoader.parseClass(GroovyClassLoader.java:268)&#13;
groovy.lang.GroovyShell.parseClass(GroovyShell.java:688)&#13;
groovy.lang.GroovyShell.parse(GroovyShell.java:700)&#13;
groovy.lang.GroovyShell.evaluate(GroovyShell.java:584)&#13;
groovy.lang.GroovyShell.evaluate(GroovyShell.java:623)&#13;
groovy.lang.GroovyShell.evaluate(GroovyShell.java:594)&#13;
io.restassured.internal.path.json.JSONAssertion.eval(JSONAssertion.groovy:80)&#13;
io.restassured.internal.path.json.JSONAssertion.getAsJsonObject(JSONAssertion.groovy:46)&#13;
io.restassured.internal.path.json.JSONAssertion.getResult(JSONAssertion.groovy:28)&#13;
io.restassured.assertion.BodyMatcher.validate(BodyMatcher.groovy:94)&#13;
groovy.lang.MetaMethod.doMethodInvoke(MetaMethod.java:325)&#13;
groovy.lang.MetaClassImpl.invokeMethod(MetaClassImpl.java:1022)&#13;
groovy.lang.Closure.call(Closure.java:414)&#13;
groovy.lang.Closure.call(Closure.java:430)&#13;
io.restassured.assertion.BodyMatcherGroup.validate(BodyMatcherGroup.groovy:47)&#13;
io.restassured.internal.ResponseSpecificationImpl.validateResponseIfRequired(ResponseSpecificationImpl.groovy:636)&#13;
io.restassured.internal.ResponseSpecificationImpl.content(ResponseSpecificationImpl.groovy:265)&#13;
io.restassured.internal.ResponseSpecificationImpl.body(ResponseSpecificationImpl.groovy:248)&#13;
io.restassured.internal.ValidatableResponseOptionsImpl.body(ValidatableResponseOptionsImpl.java:268)&#13;
com.localhost.cucumber.steps.MyStoreSteps.verifyTheStoreIdForTheThStore(MyStoreSteps.java:140)&#13;
</system-err></testcase></testsuite>