<?xml version="1.0" encoding="UTF-8"?><testsuite errors="0" failures="0" name="Testing different products on the Best Api Application" skipped="0" tests="4" time="9.51" timestamp="2022-06-19T02:05:20.955+01:00[Europe/London]"><testcase name="Check if the Store application is accessed by the users"/><testcase name="Check if User can add  new stores in the application"/><testcase name="Check if User can update  products in the application"/><testcase name="Check if User can Delete  products in the application"/></testsuite>