<?xml version="1.0" encoding="UTF-8"?><testsuite errors="0" failures="0" name="com.localhost.bestapiinfo.ServiceCURDTestWithSteps" skipped="0" tests="4" time="0.66" timestamp="2022-06-07T18:12:53.553+01:00[Europe/London]"><testcase classname="com.localhost.bestapiinfo.ServiceCURDTestWithSteps" name="This will create new Services"/><testcase classname="com.localhost.bestapiinfo.ServiceCURDTestWithSteps" name="Verify if the Services was added to the application"/><testcase classname="com.localhost.bestapiinfo.ServiceCURDTestWithSteps" name="Update the Services information and verify the updated information"/><testcase classname="com.localhost.bestapiinfo.ServiceCURDTestWithSteps" name="Delete the Service and verify if the store is deleted!"/></testsuite>