<?xml version="1.0" encoding="UTF-8"?><testsuite errors="0" failures="0" name="com.localhost.bestapiinfo.ProductCURDTestWithSteps" skipped="0" tests="4" time="0.53" timestamp="2022-06-07T18:12:52.817+01:00[Europe/London]"><testcase classname="com.localhost.bestapiinfo.ProductCURDTestWithSteps" name="This will create new product"/><testcase classname="com.localhost.bestapiinfo.ProductCURDTestWithSteps" name="Verify if the product was added to the application"/><testcase classname="com.localhost.bestapiinfo.ProductCURDTestWithSteps" name="Update the Proudct information and verify the updated information"/><testcase classname="com.localhost.bestapiinfo.ProductCURDTestWithSteps" name="Delete the student and verify if the student is deleted!"/></testsuite>