<?xml version="1.0" encoding="UTF-8"?><testsuite errors="0" failures="0" name="Testing different Category on the Best Api Application" skipped="0" tests="4" time="8.28" timestamp="2022-06-19T02:12:52.037+01:00[Europe/London]"><testcase name="Check if the Services application is accessed by the users"/><testcase name="Check if User can add  new Services in the application"/><testcase name="Check if User can update Services in the application"/><testcase name="Check if User can Delete  products in the application"/></testsuite>